<?xml version="1.0" encoding="UTF-8"?>
<coverage generated="1513502169889" clover="3.2.0">
  <project timestamp="1513502169889" name="All files">
    <metrics statements="4" coveredstatements="4" conditionals="0" coveredconditionals="0" methods="2" coveredmethods="2" elements="6" coveredelements="6" complexity="0" loc="4" ncloc="4" packages="1" files="2" classes="2">
      <file name="App.js" path="/Users/rousan/Projects/react-native-fusioncharts/src/App.js">
        <metrics statements="3" coveredstatements="3" conditionals="0" coveredconditionals="0" methods="1" coveredmethods="1"/>
        <line num="9" count="1" type="stmt"/>
        <line num="18" count="1" type="stmt"/>
        <line num="34" count="1" type="stmt"/>
      </file>
      <file name="FusionCharts.js" path="/Users/rousan/Projects/react-native-fusioncharts/src/FusionCharts.js">
        <metrics statements="1" coveredstatements="1" conditionals="0" coveredconditionals="0" methods="1" coveredmethods="1"/>
        <line num="6" count="1" type="stmt"/>
      </file>
    </metrics>
  </project>
</coverage>
