{"/Users/rousan/Projects/react-native-fusioncharts/src/App.js": {"path":"/Users/rousan/Projects/react-native-fusioncharts/src/App.js","statementMap":{"0":{"start":{"line":9,"column":21},"end":{"line":14,"column":2}},"1":{"start":{"line":18,"column":4},"end":{"line":30,"column":6}},"2":{"start":{"line":34,"column":15},"end":{"line":51,"column":2}}},"fnMap":{"0":{"name":"(anonymous_0)","decl":{"start":{"line":17,"column":2},"end":{"line":17,"column":3}},"loc":{"start":{"line":17,"column":11},"end":{"line":31,"column":3}},"line":17}},"branchMap":{},"s":{"0":1,"1":1,"2":1},"f":{"0":1},"b":{},"_coverageSchema":"332fd63041d2c1bcb487cc26dd0d5f7d97098a6c","hash":"6298ed2ca13b1d5785409f9ded538e48dab594c0"}
,"/Users/rousan/Projects/react-native-fusioncharts/src/FusionCharts.js": {"path":"/Users/rousan/Projects/react-native-fusioncharts/src/FusionCharts.js","statementMap":{"0":{"start":{"line":6,"column":8},"end":{"line":12,"column":10}}},"fnMap":{"0":{"name":"(anonymous_0)","decl":{"start":{"line":5,"column":4},"end":{"line":5,"column":5}},"loc":{"start":{"line":5,"column":13},"end":{"line":13,"column":5}},"line":5}},"branchMap":{},"s":{"0":1},"f":{"0":1},"b":{},"_coverageSchema":"332fd63041d2c1bcb487cc26dd0d5f7d97098a6c","hash":"c9b92a4dfd10456f5d4b66c8fef9a4bd9f4f0ad3"}
}
